<?xml version="1.0" encoding="UTF-8"?>
<coverage generated="1668114627690" clover="3.2.0">
  <project timestamp="1668114627690" name="All files">
    <metrics statements="16" coveredstatements="16" conditionals="4" coveredconditionals="2" methods="4" coveredmethods="4" elements="24" coveredelements="22" complexity="0" loc="16" ncloc="16" packages="1" files="2" classes="2"/>
    <file name="addItemsToList.js" path="/home/theabroadwolf/Microverse/to-do-list/src/modules/addItemsToList.js">
      <metrics statements="16" coveredstatements="16" conditionals="4" coveredconditionals="2" methods="4" coveredmethods="4"/>
      <line num="4" count="4" type="stmt"/>
      <line num="5" count="2" type="stmt"/>
      <line num="6" count="2" type="stmt"/>
      <line num="7" count="2" type="stmt"/>
      <line num="8" count="2" type="stmt"/>
      <line num="9" count="3" type="stmt"/>
      <line num="28" count="4" type="stmt"/>
      <line num="29" count="1" type="stmt"/>
      <line num="30" count="1" type="stmt"/>
      <line num="31" count="1" type="stmt"/>
      <line num="32" count="1" type="stmt"/>
      <line num="35" count="4" type="stmt"/>
      <line num="36" count="1" type="stmt"/>
      <line num="37" count="1" type="stmt"/>
      <line num="38" count="1" type="stmt"/>
      <line num="39" count="1" type="stmt"/>
    </file>
    <file name="index.js" path="/home/theabroadwolf/Microverse/to-do-list/src/modules/index.js">
      <metrics statements="0" coveredstatements="0" conditionals="0" coveredconditionals="0" methods="0" coveredmethods="0"/>
    </file>
  </project>
</coverage>
