{"/home/theabroadwolf/Microverse/to-do-list/src/modules/addItemsToList.js": {"path":"/home/theabroadwolf/Microverse/to-do-list/src/modules/addItemsToList.js","statementMap":{"0":{"start":{"line":4,"column":35},"end":{"line":26,"column":3}},"1":{"start":{"line":5,"column":18},"end":{"line":5,"column":34}},"2":{"start":{"line":6,"column":22},"end":{"line":6,"column":59}},"3":{"start":{"line":7,"column":4},"end":{"line":7,"column":29}},"4":{"start":{"line":8,"column":4},"end":{"line":25,"column":7}},"5":{"start":{"line":9,"column":6},"end":{"line":24,"column":6}},"6":{"start":{"line":28,"column":25},"end":{"line":33,"column":3}},"7":{"start":{"line":29,"column":18},"end":{"line":29,"column":34}},"8":{"start":{"line":30,"column":4},"end":{"line":30,"column":21}},"9":{"start":{"line":31,"column":4},"end":{"line":31,"column":26}},"10":{"start":{"line":32,"column":4},"end":{"line":32,"column":45}},"11":{"start":{"line":35,"column":32},"end":{"line":40,"column":3}},"12":{"start":{"line":36,"column":18},"end":{"line":36,"column":34}},"13":{"start":{"line":37,"column":4},"end":{"line":37,"column":46}},"14":{"start":{"line":38,"column":4},"end":{"line":38,"column":26}},"15":{"start":{"line":39,"column":4},"end":{"line":39,"column":45}}},"fnMap":{"0":{"name":"(anonymous_0)","decl":{"start":{"line":4,"column":35},"end":{"line":4,"column":36}},"loc":{"start":{"line":4,"column":41},"end":{"line":26,"column":3}},"line":4},"1":{"name":"(anonymous_1)","decl":{"start":{"line":8,"column":18},"end":{"line":8,"column":19}},"loc":{"start":{"line":8,"column":28},"end":{"line":25,"column":5}},"line":8},"2":{"name":"(anonymous_2)","decl":{"start":{"line":28,"column":25},"end":{"line":28,"column":26}},"loc":{"start":{"line":28,"column":35},"end":{"line":33,"column":3}},"line":28},"3":{"name":"(anonymous_3)","decl":{"start":{"line":35,"column":32},"end":{"line":35,"column":33}},"loc":{"start":{"line":35,"column":59},"end":{"line":40,"column":3}},"line":35}},"branchMap":{"0":{"loc":{"start":{"line":17,"column":14},"end":{"line":17,"column":41}},"type":"binary-expr","locations":[{"start":{"line":17,"column":14},"end":{"line":17,"column":28}},{"start":{"line":17,"column":32},"end":{"line":17,"column":41}}],"line":17},"1":{"loc":{"start":{"line":21,"column":18},"end":{"line":21,"column":54}},"type":"cond-expr","locations":[{"start":{"line":21,"column":35},"end":{"line":21,"column":49}},{"start":{"line":21,"column":52},"end":{"line":21,"column":54}}],"line":21}},"s":{"0":4,"1":2,"2":2,"3":2,"4":2,"5":3,"6":4,"7":1,"8":1,"9":1,"10":1,"11":4,"12":1,"13":1,"14":1,"15":1},"f":{"0":2,"1":3,"2":1,"3":1},"b":{"0":[3,0],"1":[0,3]},"_coverageSchema":"1a1c01bbd47fc00a2c39e90264f33305004495a9","hash":"c071c8871ce253348c2eddc078939abbb8d9c0ac"}
,"/home/theabroadwolf/Microverse/to-do-list/src/modules/index.js": {"path":"/home/theabroadwolf/Microverse/to-do-list/src/modules/index.js","statementMap":{},"fnMap":{},"branchMap":{},"s":{},"f":{},"b":{},"_coverageSchema":"1a1c01bbd47fc00a2c39e90264f33305004495a9","hash":"71b09b8653fe048728d801bd23dd2e2f08a04a12"}
}
