TN:
SF:src/modules/addItemsToList.js
FN:4,(anonymous_0)
FN:8,(anonymous_1)
FN:28,(anonymous_2)
FN:35,(anonymous_3)
FNF:4
FNH:4
FNDA:2,(anonymous_0)
FNDA:3,(anonymous_1)
FNDA:1,(anonymous_2)
FNDA:1,(anonymous_3)
DA:4,4
DA:5,2
DA:6,2
DA:7,2
DA:8,2
DA:9,3
DA:28,4
DA:29,1
DA:30,1
DA:31,1
DA:32,1
DA:35,4
DA:36,1
DA:37,1
DA:38,1
DA:39,1
LF:16
LH:16
BRDA:17,0,0,3
BRDA:17,0,1,0
BRDA:21,1,0,0
BRDA:21,1,1,3
BRF:4
BRH:2
end_of_record
TN:
SF:src/modules/index.js
FNF:0
FNH:0
LF:0
LH:0
BRF:0
BRH:0
end_of_record
